<?xml version="1.0" encoding="UTF-8"?>
<testsuite xmlns:xsi="http://www.w3.org/2001/XMLSchema-instance" xsi:noNamespaceSchemaLocation="https://maven.apache.org/surefire/maven-surefire-plugin/xsd/surefire-test-report-3.0.xsd" version="3.0" name="com.example.AppTest" time="0.012" tests="1" errors="0" skipped="0" failures="0">
  <properties>
    <property name="java.specification.version" value="17"/>
    <property name="sun.cpu.isalist" value="amd64"/>
    <property name="sun.jnu.encoding" value="Cp1254"/>
    <property name="java.class.path" value="C:\Users\binha\myproject\target\test-classes;C:\Users\binha\myproject\target\classes;C:\Users\binha\.m2\repository\junit\junit\3.8.1\junit-3.8.1.jar;C:\Users\binha\.m2\repository\org\apache\lucene\lucene-core\8.11.0\lucene-core-8.11.0.jar;C:\Users\binha\.m2\repository\org\apache\lucene\lucene-analyzers-common\8.11.0\lucene-analyzers-common-8.11.0.jar;C:\Users\binha\.m2\repository\org\apache\lucene\lucene-queryparser\8.11.0\lucene-queryparser-8.11.0.jar;C:\Users\binha\.m2\repository\org\apache\lucene\lucene-queries\8.11.0\lucene-queries-8.11.0.jar;C:\Users\binha\.m2\repository\org\apache\lucene\lucene-sandbox\8.11.0\lucene-sandbox-8.11.0.jar;"/>
    <property name="java.vm.vendor" value="Microsoft"/>
    <property name="sun.arch.data.model" value="64"/>
    <property name="user.variant" value=""/>
    <property name="java.vendor.url" value="https://www.microsoft.com"/>
    <property name="user.timezone" value="Europe/Istanbul"/>
    <property name="os.name" value="Windows 11"/>
    <property name="java.vm.specification.version" value="17"/>
    <property name="sun.java.launcher" value="SUN_STANDARD"/>
    <property name="user.country" value="TR"/>
    <property name="sun.boot.library.path" value="C:\Program Files\Microsoft\jdk-17.0.12.7-hotspot\bin"/>
    <property name="sun.java.command" value="C:\Users\binha\AppData\Local\Temp\surefire14704623493729327010\surefirebooter-20241230231243571_3.jar C:\Users\binha\AppData\Local\Temp\surefire14704623493729327010 2024-12-30T23-12-43_452-jvmRun1 surefire-20241230231243571_1tmp surefire_0-20241230231243571_2tmp"/>
    <property name="jdk.debug" value="release"/>
    <property name="surefire.test.class.path" value="C:\Users\binha\myproject\target\test-classes;C:\Users\binha\myproject\target\classes;C:\Users\binha\.m2\repository\junit\junit\3.8.1\junit-3.8.1.jar;C:\Users\binha\.m2\repository\org\apache\lucene\lucene-core\8.11.0\lucene-core-8.11.0.jar;C:\Users\binha\.m2\repository\org\apache\lucene\lucene-analyzers-common\8.11.0\lucene-analyzers-common-8.11.0.jar;C:\Users\binha\.m2\repository\org\apache\lucene\lucene-queryparser\8.11.0\lucene-queryparser-8.11.0.jar;C:\Users\binha\.m2\repository\org\apache\lucene\lucene-queries\8.11.0\lucene-queries-8.11.0.jar;C:\Users\binha\.m2\repository\org\apache\lucene\lucene-sandbox\8.11.0\lucene-sandbox-8.11.0.jar;"/>
    <property name="sun.cpu.endian" value="little"/>
    <property name="user.home" value="C:\Users\binha"/>
    <property name="user.language" value="tr"/>
    <property name="java.specification.vendor" value="Oracle Corporation"/>
    <property name="java.version.date" value="2024-07-16"/>
    <property name="java.home" value="C:\Program Files\Microsoft\jdk-17.0.12.7-hotspot"/>
    <property name="file.separator" value="\"/>
    <property name="basedir" value="C:\Users\binha\myproject"/>
    <property name="java.vm.compressedOopsMode" value="Zero based"/>
    <property name="line.separator" value="&#10;"/>
    <property name="java.vm.specification.vendor" value="Oracle Corporation"/>
    <property name="java.specification.name" value="Java Platform API Specification"/>
    <property name="surefire.real.class.path" value="C:\Users\binha\AppData\Local\Temp\surefire14704623493729327010\surefirebooter-20241230231243571_3.jar"/>
    <property name="user.script" value=""/>
    <property name="sun.management.compiler" value="HotSpot 64-Bit Tiered Compilers"/>
    <property name="java.runtime.version" value="17.0.12+7-LTS"/>
    <property name="user.name" value="binha"/>
    <property name="path.separator" value=";"/>
    <property name="os.version" value="10.0"/>
    <property name="java.runtime.name" value="OpenJDK Runtime Environment"/>
    <property name="file.encoding" value="Cp1254"/>
    <property name="java.vm.name" value="OpenJDK 64-Bit Server VM"/>
    <property name="java.vendor.version" value="Microsoft-9889599"/>
    <property name="localRepository" value="C:\Users\binha\.m2\repository"/>
    <property name="java.vendor.url.bug" value="https://github.com/microsoft/openjdk/issues"/>
    <property name="java.io.tmpdir" value="C:\Users\binha\AppData\Local\Temp\"/>
    <property name="java.version" value="17.0.12"/>
    <property name="user.dir" value="C:\Users\binha\myproject"/>
    <property name="os.arch" value="amd64"/>
    <property name="java.vm.specification.name" value="Java Virtual Machine Specification"/>
    <property name="sun.os.patch.level" value=""/>
    <property name="native.encoding" value="Cp1254"/>
    <property name="java.library.path" value="C:\Program Files\Microsoft\jdk-17.0.12.7-hotspot\bin;C:\WINDOWS\Sun\Java\bin;C:\WINDOWS\system32;C:\WINDOWS;C:\Program Files\Microsoft\jdk-17.0.12.7-hotspot\bin;C:\Program Files\Common Files\Oracle\Java\javapath;C:\windows\system32;C:\windows;C:\windows\System32\Wbem;C:\windows\System32\WindowsPowerShell\v1.0\;C:\windows\System32\OpenSSH\;C:\Program Files (x86)\NVIDIA Corporation\PhysX\Common;C:\Program Files\NVIDIA Corporation\NVIDIA NvDLISR;C:\Users\Administrator\AppData\Local\Microsoft\WindowsApps;;C:\Program Files\HP\OMEN-Broadcast\Common;C:\WINDOWS\system32;C:\WINDOWS;C:\WINDOWS\System32\Wbem;C:\WINDOWS\System32\WindowsPowerShell\v1.0\;C:\WINDOWS\System32\OpenSSH\;C:\ProgramData\chocolatey\bin;C:\Program Files\nodejs\;C:\Users\binha\AppData\Local\Microsoft\WindowsApps;C:\Users\binha\AppData\Local\GitHubDesktop\bin;C:\Users\binha\AppData\Local\Programs\Microsoft VS Code\bin;C:\Users\binha\AppData\Roaming\npm;C:\Users\binha\AppData\Local\Android\Sdk\platform-tools;C:\Program Files (x86)\MongoDB Atlas CLI\;C:\Users\binha\.dotnet\tools;C:\Users\binha\Downloads\mongosh-2.3.7-win32-x64 (1)\mongosh-2.3.7-win32-x64\bin;C:\Users\binha\Downloads\apache-maven-3.9.9-bin\apache-maven-3.9.9\bin;;."/>
    <property name="java.vm.info" value="mixed mode, sharing"/>
    <property name="java.vendor" value="Microsoft"/>
    <property name="java.vm.version" value="17.0.12+7-LTS"/>
    <property name="sun.io.unicode.encoding" value="UnicodeLittle"/>
    <property name="java.class.version" value="61.0"/>
  </properties>
  <testcase name="testApp" classname="com.example.AppTest" time="0.001"/>
</testsuite>